[0.466s] Invoking command in '/home/ubuntu/ros2_ws1/src/python_parameters': PYTHONPATH=/home/ubuntu/ros2_ws1/build/python_parameters/prefix_override:/home/ubuntu/ros2_ws1/install/python_parameters/lib/python3.10/site-packages:${PYTHONPATH} /usr/bin/python3 setup.py egg_info --egg-base ../../build/python_parameters build --build-base /home/ubuntu/ros2_ws1/build/python_parameters/build install --record /home/ubuntu/ros2_ws1/build/python_parameters/install.log --single-version-externally-managed
[0.561s] running egg_info
[0.561s] creating ../../build/python_parameters/python_parameters.egg-info
[0.561s] writing ../../build/python_parameters/python_parameters.egg-info/PKG-INFO
[0.561s] writing dependency_links to ../../build/python_parameters/python_parameters.egg-info/dependency_links.txt
[0.561s] writing entry points to ../../build/python_parameters/python_parameters.egg-info/entry_points.txt
[0.561s] writing requirements to ../../build/python_parameters/python_parameters.egg-info/requires.txt
[0.561s] writing top-level names to ../../build/python_parameters/python_parameters.egg-info/top_level.txt
[0.561s] writing manifest file '../../build/python_parameters/python_parameters.egg-info/SOURCES.txt'
[0.562s] reading manifest file '../../build/python_parameters/python_parameters.egg-info/SOURCES.txt'
[0.562s] writing manifest file '../../build/python_parameters/python_parameters.egg-info/SOURCES.txt'
[0.562s] running build
[0.563s] running build_py
[0.563s] creating /home/ubuntu/ros2_ws1/build/python_parameters/build
[0.563s] creating /home/ubuntu/ros2_ws1/build/python_parameters/build/lib
[0.563s] creating /home/ubuntu/ros2_ws1/build/python_parameters/build/lib/python_parameters
[0.563s] copying python_parameters/__init__.py -> /home/ubuntu/ros2_ws1/build/python_parameters/build/lib/python_parameters
[0.563s] copying python_parameters/python_parameters_node.py -> /home/ubuntu/ros2_ws1/build/python_parameters/build/lib/python_parameters
[0.563s] running install
[0.564s] /usr/lib/python3/dist-packages/setuptools/command/install.py:34: SetuptoolsDeprecationWarning: setup.py install is deprecated. Use build and pip and other standards-based tools.
[0.564s]   warnings.warn(
[0.564s] running install_lib
[0.564s] creating /home/ubuntu/ros2_ws1/install/python_parameters/lib/python3.10/site-packages/python_parameters
[0.564s] copying /home/ubuntu/ros2_ws1/build/python_parameters/build/lib/python_parameters/__init__.py -> /home/ubuntu/ros2_ws1/install/python_parameters/lib/python3.10/site-packages/python_parameters
[0.564s] copying /home/ubuntu/ros2_ws1/build/python_parameters/build/lib/python_parameters/python_parameters_node.py -> /home/ubuntu/ros2_ws1/install/python_parameters/lib/python3.10/site-packages/python_parameters
[0.564s] byte-compiling /home/ubuntu/ros2_ws1/install/python_parameters/lib/python3.10/site-packages/python_parameters/__init__.py to __init__.cpython-310.pyc
[0.565s] byte-compiling /home/ubuntu/ros2_ws1/install/python_parameters/lib/python3.10/site-packages/python_parameters/python_parameters_node.py to python_parameters_node.cpython-310.pyc
[0.565s] running install_data
[0.565s] creating /home/ubuntu/ros2_ws1/install/python_parameters/share/ament_index
[0.565s] creating /home/ubuntu/ros2_ws1/install/python_parameters/share/ament_index/resource_index
[0.565s] creating /home/ubuntu/ros2_ws1/install/python_parameters/share/ament_index/resource_index/packages
[0.565s] copying resource/python_parameters -> /home/ubuntu/ros2_ws1/install/python_parameters/share/ament_index/resource_index/packages
[0.565s] copying package.xml -> /home/ubuntu/ros2_ws1/install/python_parameters/share/python_parameters
[0.565s] running install_egg_info
[0.566s] Copying ../../build/python_parameters/python_parameters.egg-info to /home/ubuntu/ros2_ws1/install/python_parameters/lib/python3.10/site-packages/python_parameters-0.0.0-py3.10.egg-info
[0.566s] running install_scripts
[0.576s] Installing minimal_param_node script to /home/ubuntu/ros2_ws1/install/python_parameters/lib/python_parameters
[0.576s] writing list of installed files to '/home/ubuntu/ros2_ws1/build/python_parameters/install.log'
[0.586s] Invoked command in '/home/ubuntu/ros2_ws1/src/python_parameters' returned '0': PYTHONPATH=/home/ubuntu/ros2_ws1/build/python_parameters/prefix_override:/home/ubuntu/ros2_ws1/install/python_parameters/lib/python3.10/site-packages:${PYTHONPATH} /usr/bin/python3 setup.py egg_info --egg-base ../../build/python_parameters build --build-base /home/ubuntu/ros2_ws1/build/python_parameters/build install --record /home/ubuntu/ros2_ws1/build/python_parameters/install.log --single-version-externally-managed
