[0.470s] Invoking command in '/home/ubuntu/ros2_ws1/src/python_parameters': PYTHONPATH=/home/ubuntu/ros2_ws1/build/python_parameters/prefix_override:/home/ubuntu/ros2_ws1/install/python_parameters/lib/python3.10/site-packages:${PYTHONPATH} /usr/bin/python3 setup.py egg_info --egg-base ../../build/python_parameters build --build-base /home/ubuntu/ros2_ws1/build/python_parameters/build install --record /home/ubuntu/ros2_ws1/build/python_parameters/install.log --single-version-externally-managed
[0.564s] running egg_info
[0.565s] writing ../../build/python_parameters/python_parameters.egg-info/PKG-INFO
[0.565s] writing dependency_links to ../../build/python_parameters/python_parameters.egg-info/dependency_links.txt
[0.565s] writing entry points to ../../build/python_parameters/python_parameters.egg-info/entry_points.txt
[0.565s] writing requirements to ../../build/python_parameters/python_parameters.egg-info/requires.txt
[0.565s] writing top-level names to ../../build/python_parameters/python_parameters.egg-info/top_level.txt
[0.566s] reading manifest file '../../build/python_parameters/python_parameters.egg-info/SOURCES.txt'
[0.567s] writing manifest file '../../build/python_parameters/python_parameters.egg-info/SOURCES.txt'
[0.567s] running build
[0.567s] running build_py
[0.568s] running install
[0.568s] /usr/lib/python3/dist-packages/setuptools/command/install.py:34: SetuptoolsDeprecationWarning: setup.py install is deprecated. Use build and pip and other standards-based tools.
[0.568s]   warnings.warn(
[0.568s] running install_lib
[0.569s] running install_data
[0.570s] running install_egg_info
[0.570s] removing '/home/ubuntu/ros2_ws1/install/python_parameters/lib/python3.10/site-packages/python_parameters-0.0.0-py3.10.egg-info' (and everything under it)
[0.570s] Copying ../../build/python_parameters/python_parameters.egg-info to /home/ubuntu/ros2_ws1/install/python_parameters/lib/python3.10/site-packages/python_parameters-0.0.0-py3.10.egg-info
[0.571s] running install_scripts
[0.581s] Installing minimal_param_node script to /home/ubuntu/ros2_ws1/install/python_parameters/lib/python_parameters
[0.581s] writing list of installed files to '/home/ubuntu/ros2_ws1/build/python_parameters/install.log'
[0.591s] Invoked command in '/home/ubuntu/ros2_ws1/src/python_parameters' returned '0': PYTHONPATH=/home/ubuntu/ros2_ws1/build/python_parameters/prefix_override:/home/ubuntu/ros2_ws1/install/python_parameters/lib/python3.10/site-packages:${PYTHONPATH} /usr/bin/python3 setup.py egg_info --egg-base ../../build/python_parameters build --build-base /home/ubuntu/ros2_ws1/build/python_parameters/build install --record /home/ubuntu/ros2_ws1/build/python_parameters/install.log --single-version-externally-managed
